Scaling factors for a collection of Hilbert matrices
posits
Value type is class sw::unum::posit<80,3>
Matrix: C matrix is 11x11
          +232792560                   +0                   +0                   +0                   +0                   +0                   +0                   +0                   +0                   +0                   +0 
                  +0           +232792560                   +0                   +0                   +0                   +0                   +0                   +0                   +0                   +0                   +0 
                  +0                   +0           +232792560                   +0                   +0                   +0                   +0                   +0                   +0                   +0                   +0 
                  +0                   +0                   +0           +232792560                   +0                   +0                   +0                   +0                   +0                   +0                   +0 
                  +0                   +0                   +0                   +0           +232792560                   +0                   +0                   +0                   +0                   +0                   +0 
                  +0                   +0                   +0                   +0                   +0           +232792560                   +0                   +0                   +0                   +0                   +0 
                  +0                   +0                   +0                   +0                   +0                   +0           +232792560                   +0                   +0                   +0                   +0 
                  +0                   +0                   +0                   +0                   +0                   +0                   +0           +232792560                   +0                   +0                   +0 
                  +0                   +0                   +0                   +0                   +0                   +0                   +0                   +0           +232792560                   +0                   +0 
                  +0                   +0                   +0                   +0                   +0                   +0                   +0                   +0                   +0           +232792560                   +0 
                  +0                   +0                   +0                   +0                   +0                   +0                   +0                   +0                   +0                   +0           +232792560 
Value type is class sw::unum::posit<96,3>
Matrix: C matrix is 11x11
          +232792560                   +0                   +0                   +0                   +0                   +0                   +0                   +0                   +0                   +0                   +0 
                  +0           +232792560                   +0                   +0                   +0                   +0                   +0                   +0                   +0                   +0                   +0 
                  +0                   +0           +232792560                   +0                   +0                   +0                   +0                   +0                   +0                   +0                   +0 
                  +0                   +0                   +0           +232792560                   +0                   +0                   +0                   +0                   +0                   +0                   +0 
                  +0                   +0                   +0                   +0           +232792560                   +0                   +0                   +0                   +0                   +0                   +0 
                  +0                   +0                   +0                   +0                   +0           +232792560                   +0                   +0                   +0                   +0                   +0 
                  +0                   +0                   +0                   +0                   +0                   +0           +232792560                   +0                   +0                   +0                   +0 
                  +0                   +0                   +0                   +0                   +0                   +0                   +0           +232792560                   +0                   +0                   +0 
                  +0                   +0                   +0                   +0                   +0                   +0                   +0                   +0           +232792560                   +0                   +0 
                  +0                   +0                   +0                   +0                   +0                   +0                   +0                   +0                   +0           +232792560                   +0 
                  +0                   +0                   +0                   +0                   +0                   +0                   +0                   +0                   +0                   +0           +232792560 
Value type is class sw::unum::posit<128,4>
Matrix: C matrix is 11x11
          +232792560                   +0                   +0                   +0                   +0                   +0                   +0                   +0                   +0                   +0                   +0 
                  +0           +232792560                   +0                   +0                   +0                   +0                   +0                   +0                   +0                   +0                   +0 
                  +0                   +0           +232792560                   +0                   +0                   +0                   +0                   +0                   +0                   +0                   +0 
                  +0                   +0                   +0           +232792560                   +0                   +0                   +0                   +0                   +0                   +0                   +0 
                  +0                   +0                   +0                   +0           +232792560                   +0                   +0                   +0                   +0                   +0                   +0 
                  +0                   +0                   +0                   +0                   +0           +232792560                   +0                   +0                   +0                   +0                   +0 
                  +0                   +0                   +0                   +0                   +0                   +0           +232792560                   +0                   +0                   +0                   +0 
                  +0                   +0                   +0                   +0                   +0                   +0                   +0           +232792560                   +0                   +0                   +0 
                  +0                   +0                   +0                   +0                   +0                   +0                   +0                   +0           +232792560                   +0                   +0 
                  +0                   +0                   +0                   +0                   +0                   +0                   +0                   +0                   +0           +232792560                   +0 
                  +0                   +0                   +0                   +0                   +0                   +0                   +0                   +0                   +0                   +0           +232792560 
Value type is class sw::unum::posit<256,5>
Matrix: C matrix is 11x11
          +232792560                   +0                   +0                   +0                   +0                   +0                   +0                   +0                   +0                   +0                   +0 
                  +0           +232792560                   +0                   +0                   +0                   +0                   +0                   +0                   +0                   +0                   +0 
                  +0                   +0           +232792560                   +0                   +0                   +0                   +0                   +0                   +0                   +0                   +0 
                  +0                   +0                   +0           +232792560                   +0                   +0                   +0                   +0                   +0                   +0                   +0 
                  +0                   +0                   +0                   +0           +232792560                   +0                   +0                   +0                   +0                   +0                   +0 
                  +0                   +0                   +0                   +0                   +0           +232792560                   +0                   +0                   +0                   +0                   +0 
                  +0                   +0                   +0                   +0                   +0                   +0           +232792560                   +0                   +0                   +0                   +0 
                  +0                   +0                   +0                   +0                   +0                   +0                   +0           +232792560                   +0                   +0                   +0 
                  +0                   +0                   +0                   +0                   +0                   +0                   +0                   +0           +232792560                   +0                   +0 
                  +0                   +0                   +0                   +0                   +0                   +0                   +0                   +0                   +0           +232792560                   +0 
                  +0                   +0                   +0                   +0                   +0                   +0                   +0                   +0                   +0                   +0           +232792560 
IEEE floating point
Value type is class boost::multiprecision::number<class boost::multiprecision::backends::cpp_bin_float<113,2,void,short,-16382,16383>,0>
Matrix: C matrix is 11x11
           232792560                    0                    0                    0                    0                    0                    0                    0                    0                    0                    0 
                   0            232792560                    0                    0                    0                    0                    0                    0                    0                    0                    0 
                   0                    0            232792560                    0                    0                    0                    0                    0                    0                    0                    0 
                   0                    0                    0            232792560                    0                    0                    0                    0                    0                    0                    0 
                   0                    0                    0                    0            232792560                    0                    0                    0                    0                    0                    0 
                   0                    0                    0                    0                    0            232792560                    0                    0                    0                    0                    0 
                   0                    0                    0                    0                    0                    0            232792560                    0                    0                    0                    0 
                   0                    0                    0                    0                    0                    0                    0            232792560                    0                    0                    0 
                   0                    0                    0                    0                    0                    0                    0                    0            232792560                    0                    0 
                   0                    0                    0                    0                    0                    0                    0                    0                    0            232792560                    0 
                   0                    0                    0                    0                    0                    0                    0                    0                    0                    0            232792560 
Value type is class boost::multiprecision::number<class boost::multiprecision::backends::cpp_bin_float<241,2,void,short,-16382,16383>,0>
Matrix: C matrix is 11x11
           232792560                    0                    0                    0                    0                    0                    0                    0                    0                    0                    0 
                   0            232792560                    0                    0                    0                    0                    0                    0                    0                    0                    0 
                   0                    0            232792560                    0                    0                    0                    0                    0                    0                    0                    0 
                   0                    0                    0            232792560                    0                    0                    0                    0                    0                    0                    0 
                   0                    0                    0                    0            232792560                    0                    0                    0                    0                    0                    0 
                   0                    0                    0                    0                    0            232792560                    0                    0                    0                    0                    0 
                   0                    0                    0                    0                    0                    0            232792560                    0                    0                    0                    0 
                   0                    0                    0                    0                    0                    0                    0            232792560                    0                    0                    0 
                   0                    0                    0                    0                    0                    0                    0                    0            232792560                    0                    0 
                   0                    0                    0                    0                    0                    0                    0                    0                    0            232792560                    0 
                   0                    0                    0                    0                    0                    0                    0                    0                    0                    0            232792560 
